<?xml version="1.0" encoding="UTF-8"?>
<testng-results ignored="0" total="1" passed="1" failed="0" skipped="0">
  <reporter-output>
  </reporter-output>
  <suite started-at="2019-10-07T09:33:15 MDT" name="Default suite" finished-at="2019-10-07T09:33:15 MDT" duration-ms="59">
    <groups>
    </groups>
    <test started-at="2019-10-07T09:33:15 MDT" name="Default test" finished-at="2019-10-07T09:33:15 MDT" duration-ms="59">
      <class name="TestNGDemo">
        <test-method signature="testApp()[pri:0, instance:TestNGDemo@38102d01]" started-at="2019-10-07T09:33:15 MDT" name="testApp" finished-at="2019-10-07T09:33:15 MDT" duration-ms="15" status="PASS">
          <reporter-output>
          </reporter-output>
        </test-method> <!-- testApp -->
      </class> <!-- TestNGDemo -->
    </test> <!-- Default test -->
  </suite> <!-- Default suite -->
</testng-results>
